<?xml version="1.0" encoding="UTF-8"?>
<testsuite xmlns:xsi="http://www.w3.org/2001/XMLSchema-instance" xsi:noNamespaceSchemaLocation="https://maven.apache.org/surefire/maven-surefire-plugin/xsd/surefire-test-report.xsd" version="3.0.2" name="ccp.proyectos.ProyectosApplicationTests" time="0.004" tests="1" errors="0" skipped="1" failures="0">
  <properties/>
  <testcase name="contextLoads" classname="ccp.proyectos.ProyectosApplicationTests" time="0.0">
    <skipped message="class ccp.proyectos.ProyectosApplicationTests is @Disabled"/>
  </testcase>
</testsuite>